TN:
SF:src/Answer.sol
FN:21,Answer.
FNDA:3,Answer.
DA:22,3
DA:23,3
DA:24,3
FN:27,Answer._ccipReceive
FNDA:3,Answer._ccipReceive
DA:28,3
DA:29,3
DA:31,3
DA:33,3
DA:41,3
DA:42,3
DA:44,3
FN:47,Answer.getLastReceivedMessageDetails
FNDA:3,Answer.getLastReceivedMessageDetails
DA:52,3
FN:55,Answer.previewFees
FNDA:3,Answer.previewFees
DA:60,6
DA:61,6
FN:64,Answer.answerTier
FNDA:0,Answer.answerTier
DA:68,3
DA:70,3
DA:72,3
BRDA:72,0,0,-
BRDA:72,0,1,3
DA:77,3
DA:78,3
DA:79,3
DA:83,3
FN:86,Answer.mountMessage
FNDA:9,Answer.mountMessage
DA:91,9
DA:99,9
FNF:6
FNH:5
LF:22
LH:22
BRF:2
BRH:1
end_of_record
TN:
SF:src/Ask.sol
FN:17,Ask.
FNDA:3,Ask.
DA:18,3
DA:19,3
FN:22,Ask.previewFees
FNDA:3,Ask.previewFees
DA:27,6
DA:28,6
FN:31,Ask.askTier
FNDA:3,Ask.askTier
DA:35,3
DA:36,3
DA:38,3
BRDA:38,0,0,-
BRDA:38,0,1,3
DA:43,3
DA:44,3
DA:45,3
DA:49,3
FN:52,Ask._ccipReceive
FNDA:3,Ask._ccipReceive
DA:53,3
DA:55,3
FN:58,Ask.mountMessage
FNDA:9,Ask.mountMessage
DA:59,9
DA:67,9
FNF:5
FNH:5
LF:15
LH:15
BRF:2
BRH:1
end_of_record
TN:
SF:src/Points.sol
FN:7,Points.grantPoints
FNDA:9,Points.grantPoints
DA:8,9
FNF:1
FNH:1
LF:1
LH:1
BRF:0
BRH:0
end_of_record
TN:
SF:src/Tiers.sol
FN:13,Tiers.
FNDA:3,Tiers.
DA:14,3
FN:23,Tiers.addTier
FNDA:15,Tiers.addTier
DA:24,15
DA:25,15
DA:26,15
FN:34,Tiers.getTier
FNDA:3,Tiers.getTier
DA:36,3
DA:39,3
DA:41,10
DA:42,3
BRDA:42,0,0,3
DA:43,3
DA:48,0
FN:56,Tiers.getTierByName
FNDA:0,Tiers.getTierByName
DA:57,0
DA:59,0
DA:60,0
DA:61,0
DA:65,0
FNF:4
FNH:3
LF:15
LH:9
BRF:1
BRH:1
end_of_record
